20230917	13:47:27	03750a48-2b3c-4d91-a0e0-925df6a8862d	GET	/	undefined
20230917	13:47:27	c3cd579a-2645-4a42-93d1-90f47f68b6b9	GET	/css/styles.css	undefined
20230917	15:27:28	b3a8a1fe-b9f9-467c-bd47-b59ce398ec81	OPTIONS	/	https://ogs.google.com
20230917	15:27:28	e9750a6c-3194-4db5-b44f-cdee3cf63f24	GET	/	https://ogs.google.com
20230917	15:27:38	92a3eca5-a770-4a16-b225-aa9fa806eef5	OPTIONS	/	https://ogs.google.com
20230917	15:27:38	8b1dddf4-e97e-49f8-bce6-ef43e3eb9009	GET	/	https://ogs.google.com
20230917	15:28:27	d78d8d6c-2bdf-45ed-9055-ba0d93002a85	GET	/	undefined
20230917	15:28:27	3011cb3d-0b9d-40a8-b994-6fa058e6d7a7	GET	/css/styles.css	undefined
20230917	15:28:48	79d1ea4f-e672-478f-99f2-34f81fa83dd0	GET	/	null
20230926	16:20:52	22ce00a2-518b-4199-8ed1-f239aba020aa	GET	/users	undefined
20230926	16:21:41	530023c7-9514-4cce-bf85-4b640d9c74aa	GET	/users	undefined
20230926	16:27:25	9053baff-128f-409e-9e27-4a0e570c8309	POST	/users	undefined
20230926	16:28:45	5f7a9830-628b-4c7d-858d-c105a328a814	GET	/users	undefined
20230926	16:30:36	5081d981-5ff7-498e-ba7a-60567ea17e10	POST	/users	undefined
20230926	16:31:00	042dd14e-0087-4047-8f5c-d71f801786b9	POST	/users	undefined
20230926	16:31:10	c4f464e2-b981-445d-9def-f6ef9fac7142	POST	/users	undefined
20230926	16:31:15	670ae902-62d9-48ef-bcc9-fc8ed392a1e4	POST	/users	undefined
20230926	16:31:28	4677dabe-6518-4caf-ac81-56b240ddbd26	POST	/users	undefined
20230926	16:31:32	912ade2d-6bcf-436a-a2b6-3ef12969a545	POST	/users	undefined
20230926	16:31:53	f2a4beee-52f4-4cff-a1c5-4f709272546d	POST	/users	undefined
20230926	16:32:00	c9eddcaf-2605-48a2-8171-27c8344a3ba6	POST	/users	undefined
20230926	16:34:46	dc94c203-506e-45aa-b513-b3eafe56279e	GET	/users	undefined
20230926	16:36:20	ba47a5de-7fcf-4360-8a09-ea5a4ab6fe4a	PATCH	/users	undefined
20230926	16:36:50	f656703d-f8ab-4aea-999d-2039e9c5d5b7	PATCH	/users	undefined
20230926	16:37:34	3866f1ac-862e-41f1-9a41-6240e919a590	PATCH	/users	undefined
20230926	16:37:42	3858dc41-6ba6-4f16-a8c2-6399c43b68d8	PATCH	/users	undefined
20230926	16:37:45	467127cd-5d53-47a8-b070-ae2b632f35dd	PATCH	/users	undefined
20230926	16:38:40	2370e4d6-1ad1-454b-95e3-7ac9f83a1a72	PATCH	/users	undefined
20230926	16:38:54	3a1624ee-6da0-4154-8d59-a4344d5306c6	GET	/users	undefined
20230926	16:39:35	5e47c2cd-df8d-42bf-af84-38918eb0c5ba	PATCH	/users	undefined
20230926	16:39:57	9282960b-253e-43b5-9676-64b440ebb56a	GET	/users	undefined
20230926	16:40:25	efea50a0-b00a-4d96-be8b-a0ddbc542c77	PATCH	/users	undefined
20230926	16:40:32	3fbcc54f-daf0-4308-afd6-a82c0e40964d	PATCH	/users	undefined
20230926	16:44:55	8a40139a-9e73-4747-bfb2-cd2006603672	DELETE	/users	undefined
20230926	16:45:02	c158b940-b73c-4cce-bbc5-a5807b44f935	DELETE	/users	undefined
20230926	16:45:29	c15149a0-2b00-45c2-8616-507d4e7f069d	GET	/users	undefined
20230926	16:46:15	c3294b8e-a72d-4f10-9fb3-2ad347e2af43	DELETE	/users	undefined
20230926	16:46:19	0d77d49a-86dd-4036-9284-a26fb6335827	GET	/users	undefined
20230926	23:17:13	9f8219a1-c54a-411e-bc62-e71f8a74b620	GET	/users	undefined
20230926	23:17:20	caccff51-e739-463d-9f8a-06674c4b9702	POST	/users	undefined
20230926	23:17:24	1cc48599-ef5f-4890-b789-3ad23af623ed	GET	/users	undefined
20230926	23:26:09	f56020b1-61fb-47a8-b339-0083abceda11	POST	/users	undefined
20230926	23:26:12	c86eb67a-dac5-44bd-9e3c-d2ff9f880aa0	POST	/users	undefined
20230926	23:26:16	d6255122-3d51-4552-809e-0d69a171d65a	POST	/users	undefined
